
*** Running vivado
    with args -log i2c_scan_v2_wrapper.vds -m64 -product Vivado -mode batch -messageDb vivado.pb -notrace -source i2c_scan_v2_wrapper.tcl



****** Vivado v2020.2 (64-bit)
  **** SW Build 3064766 on Wed Nov 18 09:12:45 MST 2020
  **** IP Build 3064653 on Wed Nov 18 14:17:31 MST 2020
    ** Copyright 1986-2020 Xilinx, Inc. All Rights Reserved.

source i2c_scan_v2_wrapper.tcl -notrace
INFO: [IP_Flow 19-234] Refreshing IP repositories
INFO: [IP_Flow 19-1700] Loaded user IP repository 'e:/vivado_prj/my_ip'.
INFO: [IP_Flow 19-2313] Loaded Vivado IP repository 'E:/Xilinx/Vivado/2020.2/data/ip'.
Command: synth_design -top i2c_scan_v2_wrapper -part xc7a35ticsg324-1L
Starting synth_design
Attempting to get a license for feature 'Synthesis' and/or device 'xc7a35ti'
INFO: [Common 17-349] Got license for feature 'Synthesis' and/or device 'xc7a35ti'
INFO: [Device 21-403] Loading part xc7a35ticsg324-1L
INFO: [Synth 8-7079] Multithreading enabled for synth_design using a maximum of 2 processes.
INFO: [Synth 8-7078] Launching helper process for spawning children vivado processes
INFO: [Synth 8-7075] Helper process launched with PID 8980
---------------------------------------------------------------------------------
Starting RTL Elaboration : Time (s): cpu = 00:00:03 ; elapsed = 00:00:03 . Memory (MB): peak = 1203.570 ; gain = 59.344
---------------------------------------------------------------------------------
INFO: [Synth 8-6157] synthesizing module 'i2c_scan_v2_wrapper' [E:/vivado_prj/i2c_scanner_v2/i2c_scanner_v2.gen/sources_1/bd/i2c_scan_v2/hdl/i2c_scan_v2_wrapper.v:12]
INFO: [Synth 8-6157] synthesizing module 'i2c_scan_v2' [e:/vivado_prj/i2c_scanner_v2/i2c_scanner_v2.gen/sources_1/bd/i2c_scan_v2/synth/i2c_scan_v2.v:13]
INFO: [Synth 8-6157] synthesizing module 'i2c_scan_v2_axi_uartlite_0_0' [E:/vivado_prj/i2c_scanner_v2/i2c_scanner_v2.runs/synth_1/.Xil/Vivado-9008-DESKTOP-C8BHJOE/realtime/i2c_scan_v2_axi_uartlite_0_0_stub.v:6]
INFO: [Synth 8-6155] done synthesizing module 'i2c_scan_v2_axi_uartlite_0_0' (1#1) [E:/vivado_prj/i2c_scanner_v2/i2c_scanner_v2.runs/synth_1/.Xil/Vivado-9008-DESKTOP-C8BHJOE/realtime/i2c_scan_v2_axi_uartlite_0_0_stub.v:6]
WARNING: [Synth 8-7071] port 'interrupt' of module 'i2c_scan_v2_axi_uartlite_0_0' is unconnected for instance 'axi_uartlite_0' [e:/vivado_prj/i2c_scanner_v2/i2c_scanner_v2.gen/sources_1/bd/i2c_scan_v2/synth/i2c_scan_v2.v:127]
WARNING: [Synth 8-7023] instance 'axi_uartlite_0' of module 'i2c_scan_v2_axi_uartlite_0_0' has 22 connections declared, but only 21 given [e:/vivado_prj/i2c_scanner_v2/i2c_scanner_v2.gen/sources_1/bd/i2c_scan_v2/synth/i2c_scan_v2.v:127]
INFO: [Synth 8-6157] synthesizing module 'i2c_scan_v2_clk_wiz_1_0' [E:/vivado_prj/i2c_scanner_v2/i2c_scanner_v2.runs/synth_1/.Xil/Vivado-9008-DESKTOP-C8BHJOE/realtime/i2c_scan_v2_clk_wiz_1_0_stub.v:5]
INFO: [Synth 8-6155] done synthesizing module 'i2c_scan_v2_clk_wiz_1_0' (2#1) [E:/vivado_prj/i2c_scanner_v2/i2c_scanner_v2.runs/synth_1/.Xil/Vivado-9008-DESKTOP-C8BHJOE/realtime/i2c_scan_v2_clk_wiz_1_0_stub.v:5]
INFO: [Synth 8-6157] synthesizing module 'i2c_scan_v2_i2c_scanner_0_0' [E:/vivado_prj/i2c_scanner_v2/i2c_scanner_v2.runs/synth_1/.Xil/Vivado-9008-DESKTOP-C8BHJOE/realtime/i2c_scan_v2_i2c_scanner_0_0_stub.v:6]
INFO: [Synth 8-6155] done synthesizing module 'i2c_scan_v2_i2c_scanner_0_0' (3#1) [E:/vivado_prj/i2c_scanner_v2/i2c_scanner_v2.runs/synth_1/.Xil/Vivado-9008-DESKTOP-C8BHJOE/realtime/i2c_scan_v2_i2c_scanner_0_0_stub.v:6]
INFO: [Synth 8-6157] synthesizing module 'i2c_scan_v2_mdm_1_0' [E:/vivado_prj/i2c_scanner_v2/i2c_scanner_v2.runs/synth_1/.Xil/Vivado-9008-DESKTOP-C8BHJOE/realtime/i2c_scan_v2_mdm_1_0_stub.v:6]
INFO: [Synth 8-6155] done synthesizing module 'i2c_scan_v2_mdm_1_0' (4#1) [E:/vivado_prj/i2c_scanner_v2/i2c_scanner_v2.runs/synth_1/.Xil/Vivado-9008-DESKTOP-C8BHJOE/realtime/i2c_scan_v2_mdm_1_0_stub.v:6]
INFO: [Synth 8-6157] synthesizing module 'i2c_scan_v2_microblaze_0_0' [E:/vivado_prj/i2c_scanner_v2/i2c_scanner_v2.runs/synth_1/.Xil/Vivado-9008-DESKTOP-C8BHJOE/realtime/i2c_scan_v2_microblaze_0_0_stub.v:6]
INFO: [Synth 8-6155] done synthesizing module 'i2c_scan_v2_microblaze_0_0' (5#1) [E:/vivado_prj/i2c_scanner_v2/i2c_scanner_v2.runs/synth_1/.Xil/Vivado-9008-DESKTOP-C8BHJOE/realtime/i2c_scan_v2_microblaze_0_0_stub.v:6]
WARNING: [Synth 8-7071] port 'Interrupt_Ack' of module 'i2c_scan_v2_microblaze_0_0' is unconnected for instance 'microblaze_0' [e:/vivado_prj/i2c_scanner_v2/i2c_scanner_v2.gen/sources_1/bd/i2c_scan_v2/synth/i2c_scan_v2.v:191]
WARNING: [Synth 8-7023] instance 'microblaze_0' of module 'i2c_scan_v2_microblaze_0_0' has 52 connections declared, but only 51 given [e:/vivado_prj/i2c_scanner_v2/i2c_scanner_v2.gen/sources_1/bd/i2c_scan_v2/synth/i2c_scan_v2.v:191]
INFO: [Synth 8-6157] synthesizing module 'i2c_scan_v2_microblaze_0_axi_periph_0' [e:/vivado_prj/i2c_scanner_v2/i2c_scanner_v2.gen/sources_1/bd/i2c_scan_v2/synth/i2c_scan_v2.v:340]
INFO: [Synth 8-6157] synthesizing module 'm00_couplers_imp_14XLXXK' [e:/vivado_prj/i2c_scanner_v2/i2c_scanner_v2.gen/sources_1/bd/i2c_scan_v2/synth/i2c_scan_v2.v:806]
INFO: [Synth 8-6155] done synthesizing module 'm00_couplers_imp_14XLXXK' (6#1) [e:/vivado_prj/i2c_scanner_v2/i2c_scanner_v2.gen/sources_1/bd/i2c_scan_v2/synth/i2c_scan_v2.v:806]
INFO: [Synth 8-6157] synthesizing module 'm01_couplers_imp_3FIHEE' [e:/vivado_prj/i2c_scanner_v2/i2c_scanner_v2.gen/sources_1/bd/i2c_scan_v2/synth/i2c_scan_v2.v:952]
INFO: [Synth 8-6155] done synthesizing module 'm01_couplers_imp_3FIHEE' (7#1) [e:/vivado_prj/i2c_scanner_v2/i2c_scanner_v2.gen/sources_1/bd/i2c_scan_v2/synth/i2c_scan_v2.v:952]
INFO: [Synth 8-6157] synthesizing module 's00_couplers_imp_ZDTNVC' [e:/vivado_prj/i2c_scanner_v2/i2c_scanner_v2.gen/sources_1/bd/i2c_scan_v2/synth/i2c_scan_v2.v:1318]
INFO: [Synth 8-6155] done synthesizing module 's00_couplers_imp_ZDTNVC' (8#1) [e:/vivado_prj/i2c_scanner_v2/i2c_scanner_v2.gen/sources_1/bd/i2c_scan_v2/synth/i2c_scan_v2.v:1318]
INFO: [Synth 8-6157] synthesizing module 'i2c_scan_v2_xbar_0' [E:/vivado_prj/i2c_scanner_v2/i2c_scanner_v2.runs/synth_1/.Xil/Vivado-9008-DESKTOP-C8BHJOE/realtime/i2c_scan_v2_xbar_0_stub.v:6]
INFO: [Synth 8-6155] done synthesizing module 'i2c_scan_v2_xbar_0' (9#1) [E:/vivado_prj/i2c_scanner_v2/i2c_scanner_v2.runs/synth_1/.Xil/Vivado-9008-DESKTOP-C8BHJOE/realtime/i2c_scan_v2_xbar_0_stub.v:6]
WARNING: [Synth 8-689] width (3) of port connection 'm_axi_arprot' does not match port width (6) of module 'i2c_scan_v2_xbar_0' [e:/vivado_prj/i2c_scanner_v2/i2c_scanner_v2.gen/sources_1/bd/i2c_scan_v2/synth/i2c_scan_v2.v:767]
WARNING: [Synth 8-689] width (3) of port connection 'm_axi_awprot' does not match port width (6) of module 'i2c_scan_v2_xbar_0' [e:/vivado_prj/i2c_scanner_v2/i2c_scanner_v2.gen/sources_1/bd/i2c_scan_v2/synth/i2c_scan_v2.v:771]
INFO: [Synth 8-6155] done synthesizing module 'i2c_scan_v2_microblaze_0_axi_periph_0' (10#1) [e:/vivado_prj/i2c_scanner_v2/i2c_scanner_v2.gen/sources_1/bd/i2c_scan_v2/synth/i2c_scan_v2.v:340]
INFO: [Synth 8-6157] synthesizing module 'microblaze_0_local_memory_imp_W0Q8K9' [e:/vivado_prj/i2c_scanner_v2/i2c_scanner_v2.gen/sources_1/bd/i2c_scan_v2/synth/i2c_scan_v2.v:1084]
INFO: [Synth 8-6157] synthesizing module 'i2c_scan_v2_dlmb_bram_if_cntlr_0' [E:/vivado_prj/i2c_scanner_v2/i2c_scanner_v2.runs/synth_1/.Xil/Vivado-9008-DESKTOP-C8BHJOE/realtime/i2c_scan_v2_dlmb_bram_if_cntlr_0_stub.v:6]
INFO: [Synth 8-6155] done synthesizing module 'i2c_scan_v2_dlmb_bram_if_cntlr_0' (11#1) [E:/vivado_prj/i2c_scanner_v2/i2c_scanner_v2.runs/synth_1/.Xil/Vivado-9008-DESKTOP-C8BHJOE/realtime/i2c_scan_v2_dlmb_bram_if_cntlr_0_stub.v:6]
INFO: [Synth 8-6157] synthesizing module 'i2c_scan_v2_dlmb_v10_0' [E:/vivado_prj/i2c_scanner_v2/i2c_scanner_v2.runs/synth_1/.Xil/Vivado-9008-DESKTOP-C8BHJOE/realtime/i2c_scan_v2_dlmb_v10_0_stub.v:6]
INFO: [Synth 8-6155] done synthesizing module 'i2c_scan_v2_dlmb_v10_0' (12#1) [E:/vivado_prj/i2c_scanner_v2/i2c_scanner_v2.runs/synth_1/.Xil/Vivado-9008-DESKTOP-C8BHJOE/realtime/i2c_scan_v2_dlmb_v10_0_stub.v:6]
WARNING: [Synth 8-7071] port 'LMB_Rst' of module 'i2c_scan_v2_dlmb_v10_0' is unconnected for instance 'dlmb_v10' [e:/vivado_prj/i2c_scanner_v2/i2c_scanner_v2.gen/sources_1/bd/i2c_scan_v2/synth/i2c_scan_v2.v:1230]
WARNING: [Synth 8-7023] instance 'dlmb_v10' of module 'i2c_scan_v2_dlmb_v10_0' has 25 connections declared, but only 24 given [e:/vivado_prj/i2c_scanner_v2/i2c_scanner_v2.gen/sources_1/bd/i2c_scan_v2/synth/i2c_scan_v2.v:1230]
INFO: [Synth 8-6157] synthesizing module 'i2c_scan_v2_ilmb_bram_if_cntlr_0' [E:/vivado_prj/i2c_scanner_v2/i2c_scanner_v2.runs/synth_1/.Xil/Vivado-9008-DESKTOP-C8BHJOE/realtime/i2c_scan_v2_ilmb_bram_if_cntlr_0_stub.v:6]
INFO: [Synth 8-6155] done synthesizing module 'i2c_scan_v2_ilmb_bram_if_cntlr_0' (13#1) [E:/vivado_prj/i2c_scanner_v2/i2c_scanner_v2.runs/synth_1/.Xil/Vivado-9008-DESKTOP-C8BHJOE/realtime/i2c_scan_v2_ilmb_bram_if_cntlr_0_stub.v:6]
INFO: [Synth 8-6157] synthesizing module 'i2c_scan_v2_ilmb_v10_0' [E:/vivado_prj/i2c_scanner_v2/i2c_scanner_v2.runs/synth_1/.Xil/Vivado-9008-DESKTOP-C8BHJOE/realtime/i2c_scan_v2_ilmb_v10_0_stub.v:6]
INFO: [Synth 8-6155] done synthesizing module 'i2c_scan_v2_ilmb_v10_0' (14#1) [E:/vivado_prj/i2c_scanner_v2/i2c_scanner_v2.runs/synth_1/.Xil/Vivado-9008-DESKTOP-C8BHJOE/realtime/i2c_scan_v2_ilmb_v10_0_stub.v:6]
WARNING: [Synth 8-7071] port 'LMB_Rst' of module 'i2c_scan_v2_ilmb_v10_0' is unconnected for instance 'ilmb_v10' [e:/vivado_prj/i2c_scanner_v2/i2c_scanner_v2.gen/sources_1/bd/i2c_scan_v2/synth/i2c_scan_v2.v:1276]
WARNING: [Synth 8-7023] instance 'ilmb_v10' of module 'i2c_scan_v2_ilmb_v10_0' has 25 connections declared, but only 24 given [e:/vivado_prj/i2c_scanner_v2/i2c_scanner_v2.gen/sources_1/bd/i2c_scan_v2/synth/i2c_scan_v2.v:1276]
INFO: [Synth 8-6157] synthesizing module 'i2c_scan_v2_lmb_bram_0' [E:/vivado_prj/i2c_scanner_v2/i2c_scanner_v2.runs/synth_1/.Xil/Vivado-9008-DESKTOP-C8BHJOE/realtime/i2c_scan_v2_lmb_bram_0_stub.v:6]
INFO: [Synth 8-6155] done synthesizing module 'i2c_scan_v2_lmb_bram_0' (15#1) [E:/vivado_prj/i2c_scanner_v2/i2c_scanner_v2.runs/synth_1/.Xil/Vivado-9008-DESKTOP-C8BHJOE/realtime/i2c_scan_v2_lmb_bram_0_stub.v:6]
WARNING: [Synth 8-7071] port 'rsta_busy' of module 'i2c_scan_v2_lmb_bram_0' is unconnected for instance 'lmb_bram' [e:/vivado_prj/i2c_scanner_v2/i2c_scanner_v2.gen/sources_1/bd/i2c_scan_v2/synth/i2c_scan_v2.v:1301]
WARNING: [Synth 8-7071] port 'rstb_busy' of module 'i2c_scan_v2_lmb_bram_0' is unconnected for instance 'lmb_bram' [e:/vivado_prj/i2c_scanner_v2/i2c_scanner_v2.gen/sources_1/bd/i2c_scan_v2/synth/i2c_scan_v2.v:1301]
WARNING: [Synth 8-7023] instance 'lmb_bram' of module 'i2c_scan_v2_lmb_bram_0' has 16 connections declared, but only 14 given [e:/vivado_prj/i2c_scanner_v2/i2c_scanner_v2.gen/sources_1/bd/i2c_scan_v2/synth/i2c_scan_v2.v:1301]
INFO: [Synth 8-6155] done synthesizing module 'microblaze_0_local_memory_imp_W0Q8K9' (16#1) [e:/vivado_prj/i2c_scanner_v2/i2c_scanner_v2.gen/sources_1/bd/i2c_scan_v2/synth/i2c_scan_v2.v:1084]
INFO: [Synth 8-6157] synthesizing module 'i2c_scan_v2_rst_clk_wiz_1_100M_0' [E:/vivado_prj/i2c_scanner_v2/i2c_scanner_v2.runs/synth_1/.Xil/Vivado-9008-DESKTOP-C8BHJOE/realtime/i2c_scan_v2_rst_clk_wiz_1_100M_0_stub.v:6]
INFO: [Synth 8-6155] done synthesizing module 'i2c_scan_v2_rst_clk_wiz_1_100M_0' (17#1) [E:/vivado_prj/i2c_scanner_v2/i2c_scanner_v2.runs/synth_1/.Xil/Vivado-9008-DESKTOP-C8BHJOE/realtime/i2c_scan_v2_rst_clk_wiz_1_100M_0_stub.v:6]
WARNING: [Synth 8-7071] port 'peripheral_reset' of module 'i2c_scan_v2_rst_clk_wiz_1_100M_0' is unconnected for instance 'rst_clk_wiz_1_100M' [e:/vivado_prj/i2c_scanner_v2/i2c_scanner_v2.gen/sources_1/bd/i2c_scan_v2/synth/i2c_scan_v2.v:329]
WARNING: [Synth 8-7071] port 'interconnect_aresetn' of module 'i2c_scan_v2_rst_clk_wiz_1_100M_0' is unconnected for instance 'rst_clk_wiz_1_100M' [e:/vivado_prj/i2c_scanner_v2/i2c_scanner_v2.gen/sources_1/bd/i2c_scan_v2/synth/i2c_scan_v2.v:329]
WARNING: [Synth 8-7023] instance 'rst_clk_wiz_1_100M' of module 'i2c_scan_v2_rst_clk_wiz_1_100M_0' has 10 connections declared, but only 8 given [e:/vivado_prj/i2c_scanner_v2/i2c_scanner_v2.gen/sources_1/bd/i2c_scan_v2/synth/i2c_scan_v2.v:329]
INFO: [Synth 8-6155] done synthesizing module 'i2c_scan_v2' (18#1) [e:/vivado_prj/i2c_scanner_v2/i2c_scanner_v2.gen/sources_1/bd/i2c_scan_v2/synth/i2c_scan_v2.v:13]
INFO: [Synth 8-6155] done synthesizing module 'i2c_scan_v2_wrapper' (19#1) [E:/vivado_prj/i2c_scanner_v2/i2c_scanner_v2.gen/sources_1/bd/i2c_scan_v2/hdl/i2c_scan_v2_wrapper.v:12]
---------------------------------------------------------------------------------
Finished RTL Elaboration : Time (s): cpu = 00:00:04 ; elapsed = 00:00:04 . Memory (MB): peak = 1261.164 ; gain = 116.938
---------------------------------------------------------------------------------
---------------------------------------------------------------------------------
Start Handling Custom Attributes
---------------------------------------------------------------------------------
---------------------------------------------------------------------------------
Finished Handling Custom Attributes : Time (s): cpu = 00:00:04 ; elapsed = 00:00:04 . Memory (MB): peak = 1261.164 ; gain = 116.938
---------------------------------------------------------------------------------
---------------------------------------------------------------------------------
Finished RTL Optimization Phase 1 : Time (s): cpu = 00:00:04 ; elapsed = 00:00:04 . Memory (MB): peak = 1261.164 ; gain = 116.938
---------------------------------------------------------------------------------
Netlist sorting complete. Time (s): cpu = 00:00:00 ; elapsed = 00:00:00.013 . Memory (MB): peak = 1261.164 ; gain = 0.000
INFO: [Project 1-570] Preparing netlist for logic optimization

Processing XDC Constraints
Initializing timing engine
Parsing XDC File [e:/vivado_prj/i2c_scanner_v2/i2c_scanner_v2.gen/sources_1/bd/i2c_scan_v2/ip/i2c_scan_v2_microblaze_0_0/i2c_scan_v2_microblaze_0_0/i2c_scan_v2_microblaze_0_0_in_context.xdc] for cell 'i2c_scan_v2_i/microblaze_0'
Finished Parsing XDC File [e:/vivado_prj/i2c_scanner_v2/i2c_scanner_v2.gen/sources_1/bd/i2c_scan_v2/ip/i2c_scan_v2_microblaze_0_0/i2c_scan_v2_microblaze_0_0/i2c_scan_v2_microblaze_0_0_in_context.xdc] for cell 'i2c_scan_v2_i/microblaze_0'
Parsing XDC File [e:/vivado_prj/i2c_scanner_v2/i2c_scanner_v2.gen/sources_1/bd/i2c_scan_v2/ip/i2c_scan_v2_dlmb_v10_0/i2c_scan_v2_dlmb_v10_0/i2c_scan_v2_dlmb_v10_0_in_context.xdc] for cell 'i2c_scan_v2_i/microblaze_0_local_memory/dlmb_v10'
Finished Parsing XDC File [e:/vivado_prj/i2c_scanner_v2/i2c_scanner_v2.gen/sources_1/bd/i2c_scan_v2/ip/i2c_scan_v2_dlmb_v10_0/i2c_scan_v2_dlmb_v10_0/i2c_scan_v2_dlmb_v10_0_in_context.xdc] for cell 'i2c_scan_v2_i/microblaze_0_local_memory/dlmb_v10'
Parsing XDC File [e:/vivado_prj/i2c_scanner_v2/i2c_scanner_v2.gen/sources_1/bd/i2c_scan_v2/ip/i2c_scan_v2_ilmb_v10_0/i2c_scan_v2_ilmb_v10_0/i2c_scan_v2_dlmb_v10_0_in_context.xdc] for cell 'i2c_scan_v2_i/microblaze_0_local_memory/ilmb_v10'
Finished Parsing XDC File [e:/vivado_prj/i2c_scanner_v2/i2c_scanner_v2.gen/sources_1/bd/i2c_scan_v2/ip/i2c_scan_v2_ilmb_v10_0/i2c_scan_v2_ilmb_v10_0/i2c_scan_v2_dlmb_v10_0_in_context.xdc] for cell 'i2c_scan_v2_i/microblaze_0_local_memory/ilmb_v10'
Parsing XDC File [e:/vivado_prj/i2c_scanner_v2/i2c_scanner_v2.gen/sources_1/bd/i2c_scan_v2/ip/i2c_scan_v2_dlmb_bram_if_cntlr_0/i2c_scan_v2_dlmb_bram_if_cntlr_0/i2c_scan_v2_dlmb_bram_if_cntlr_0_in_context.xdc] for cell 'i2c_scan_v2_i/microblaze_0_local_memory/dlmb_bram_if_cntlr'
Finished Parsing XDC File [e:/vivado_prj/i2c_scanner_v2/i2c_scanner_v2.gen/sources_1/bd/i2c_scan_v2/ip/i2c_scan_v2_dlmb_bram_if_cntlr_0/i2c_scan_v2_dlmb_bram_if_cntlr_0/i2c_scan_v2_dlmb_bram_if_cntlr_0_in_context.xdc] for cell 'i2c_scan_v2_i/microblaze_0_local_memory/dlmb_bram_if_cntlr'
Parsing XDC File [e:/vivado_prj/i2c_scanner_v2/i2c_scanner_v2.gen/sources_1/bd/i2c_scan_v2/ip/i2c_scan_v2_ilmb_bram_if_cntlr_0/i2c_scan_v2_ilmb_bram_if_cntlr_0/i2c_scan_v2_ilmb_bram_if_cntlr_0_in_context.xdc] for cell 'i2c_scan_v2_i/microblaze_0_local_memory/ilmb_bram_if_cntlr'
Finished Parsing XDC File [e:/vivado_prj/i2c_scanner_v2/i2c_scanner_v2.gen/sources_1/bd/i2c_scan_v2/ip/i2c_scan_v2_ilmb_bram_if_cntlr_0/i2c_scan_v2_ilmb_bram_if_cntlr_0/i2c_scan_v2_ilmb_bram_if_cntlr_0_in_context.xdc] for cell 'i2c_scan_v2_i/microblaze_0_local_memory/ilmb_bram_if_cntlr'
Parsing XDC File [e:/vivado_prj/i2c_scanner_v2/i2c_scanner_v2.gen/sources_1/bd/i2c_scan_v2/ip/i2c_scan_v2_lmb_bram_0/i2c_scan_v2_lmb_bram_0/i2c_scan_v2_lmb_bram_0_in_context.xdc] for cell 'i2c_scan_v2_i/microblaze_0_local_memory/lmb_bram'
Finished Parsing XDC File [e:/vivado_prj/i2c_scanner_v2/i2c_scanner_v2.gen/sources_1/bd/i2c_scan_v2/ip/i2c_scan_v2_lmb_bram_0/i2c_scan_v2_lmb_bram_0/i2c_scan_v2_lmb_bram_0_in_context.xdc] for cell 'i2c_scan_v2_i/microblaze_0_local_memory/lmb_bram'
Parsing XDC File [e:/vivado_prj/i2c_scanner_v2/i2c_scanner_v2.gen/sources_1/bd/i2c_scan_v2/ip/i2c_scan_v2_mdm_1_0/i2c_scan_v2_mdm_1_0/i2c_scan_v2_mdm_1_0_in_context.xdc] for cell 'i2c_scan_v2_i/mdm_1'
Finished Parsing XDC File [e:/vivado_prj/i2c_scanner_v2/i2c_scanner_v2.gen/sources_1/bd/i2c_scan_v2/ip/i2c_scan_v2_mdm_1_0/i2c_scan_v2_mdm_1_0/i2c_scan_v2_mdm_1_0_in_context.xdc] for cell 'i2c_scan_v2_i/mdm_1'
Parsing XDC File [e:/vivado_prj/i2c_scanner_v2/i2c_scanner_v2.gen/sources_1/bd/i2c_scan_v2/ip/i2c_scan_v2_clk_wiz_1_0/i2c_scan_v2_clk_wiz_1_0/i2c_scan_v2_clk_wiz_1_0_in_context.xdc] for cell 'i2c_scan_v2_i/clk_wiz_1'
Finished Parsing XDC File [e:/vivado_prj/i2c_scanner_v2/i2c_scanner_v2.gen/sources_1/bd/i2c_scan_v2/ip/i2c_scan_v2_clk_wiz_1_0/i2c_scan_v2_clk_wiz_1_0/i2c_scan_v2_clk_wiz_1_0_in_context.xdc] for cell 'i2c_scan_v2_i/clk_wiz_1'
Parsing XDC File [e:/vivado_prj/i2c_scanner_v2/i2c_scanner_v2.gen/sources_1/bd/i2c_scan_v2/ip/i2c_scan_v2_rst_clk_wiz_1_100M_0/i2c_scan_v2_rst_clk_wiz_1_100M_0/i2c_scan_v2_rst_clk_wiz_1_100M_0_in_context.xdc] for cell 'i2c_scan_v2_i/rst_clk_wiz_1_100M'
Finished Parsing XDC File [e:/vivado_prj/i2c_scanner_v2/i2c_scanner_v2.gen/sources_1/bd/i2c_scan_v2/ip/i2c_scan_v2_rst_clk_wiz_1_100M_0/i2c_scan_v2_rst_clk_wiz_1_100M_0/i2c_scan_v2_rst_clk_wiz_1_100M_0_in_context.xdc] for cell 'i2c_scan_v2_i/rst_clk_wiz_1_100M'
Parsing XDC File [e:/vivado_prj/i2c_scanner_v2/i2c_scanner_v2.gen/sources_1/bd/i2c_scan_v2/ip/i2c_scan_v2_xbar_0/i2c_scan_v2_xbar_0/i2c_scan_v2_xbar_0_in_context.xdc] for cell 'i2c_scan_v2_i/microblaze_0_axi_periph/xbar'
Finished Parsing XDC File [e:/vivado_prj/i2c_scanner_v2/i2c_scanner_v2.gen/sources_1/bd/i2c_scan_v2/ip/i2c_scan_v2_xbar_0/i2c_scan_v2_xbar_0/i2c_scan_v2_xbar_0_in_context.xdc] for cell 'i2c_scan_v2_i/microblaze_0_axi_periph/xbar'
Parsing XDC File [e:/vivado_prj/i2c_scanner_v2/i2c_scanner_v2.gen/sources_1/bd/i2c_scan_v2/ip/i2c_scan_v2_axi_uartlite_0_0/i2c_scan_v2_axi_uartlite_0_0/i2c_scan_v2_axi_uartlite_0_0_in_context.xdc] for cell 'i2c_scan_v2_i/axi_uartlite_0'
Finished Parsing XDC File [e:/vivado_prj/i2c_scanner_v2/i2c_scanner_v2.gen/sources_1/bd/i2c_scan_v2/ip/i2c_scan_v2_axi_uartlite_0_0/i2c_scan_v2_axi_uartlite_0_0/i2c_scan_v2_axi_uartlite_0_0_in_context.xdc] for cell 'i2c_scan_v2_i/axi_uartlite_0'
Parsing XDC File [e:/vivado_prj/i2c_scanner_v2/i2c_scanner_v2.gen/sources_1/bd/i2c_scan_v2/ip/i2c_scan_v2_i2c_scanner_0_0/i2c_scan_v2_i2c_scanner_0_0/i2c_scan_v2_i2c_scanner_0_0_in_context.xdc] for cell 'i2c_scan_v2_i/i2c_scanner_0'
Finished Parsing XDC File [e:/vivado_prj/i2c_scanner_v2/i2c_scanner_v2.gen/sources_1/bd/i2c_scan_v2/ip/i2c_scan_v2_i2c_scanner_0_0/i2c_scan_v2_i2c_scanner_0_0/i2c_scan_v2_i2c_scanner_0_0_in_context.xdc] for cell 'i2c_scan_v2_i/i2c_scanner_0'
Parsing XDC File [E:/vivado_prj/i2c_scanner_v2/i2c_scanner_v2.srcs/constrs_1/new/a.xdc]
Finished Parsing XDC File [E:/vivado_prj/i2c_scanner_v2/i2c_scanner_v2.srcs/constrs_1/new/a.xdc]
INFO: [Project 1-236] Implementation specific constraints were found while reading constraint file [E:/vivado_prj/i2c_scanner_v2/i2c_scanner_v2.srcs/constrs_1/new/a.xdc]. These constraints will be ignored for synthesis but will be used in implementation. Impacted constraints are listed in the file [.Xil/i2c_scan_v2_wrapper_propImpl.xdc].
Resolution: To avoid this warning, move constraints listed in [.Xil/i2c_scan_v2_wrapper_propImpl.xdc] to another XDC file and exclude this new file from synthesis with the used_in_synthesis property (File Properties dialog in GUI) and re-run elaboration/synthesis.
Parsing XDC File [E:/vivado_prj/i2c_scanner_v2/i2c_scanner_v2.runs/synth_1/dont_touch.xdc]
Finished Parsing XDC File [E:/vivado_prj/i2c_scanner_v2/i2c_scanner_v2.runs/synth_1/dont_touch.xdc]
Completed Processing XDC Constraints

Netlist sorting complete. Time (s): cpu = 00:00:00 ; elapsed = 00:00:00 . Memory (MB): peak = 1289.621 ; gain = 0.000
INFO: [Project 1-111] Unisim Transformation Summary:
No Unisim elements were transformed.

Constraint Validation Runtime : Time (s): cpu = 00:00:00 ; elapsed = 00:00:00.005 . Memory (MB): peak = 1289.621 ; gain = 0.000
WARNING: [Timing 38-316] Clock period '20.000' specified during out-of-context synthesis of instance 'i2c_scan_v2_i/microblaze_0_local_memory/lmb_bram' at clock pin 'clka' is different from the actual clock period '10.000', this can lead to different synthesis results.
---------------------------------------------------------------------------------
Finished Constraint Validation : Time (s): cpu = 00:00:08 ; elapsed = 00:00:09 . Memory (MB): peak = 1292.602 ; gain = 148.375
---------------------------------------------------------------------------------
---------------------------------------------------------------------------------
Start Loading Part and Timing Information
---------------------------------------------------------------------------------
Loading part: xc7a35ticsg324-1L
---------------------------------------------------------------------------------
Finished Loading Part and Timing Information : Time (s): cpu = 00:00:08 ; elapsed = 00:00:09 . Memory (MB): peak = 1292.602 ; gain = 148.375
---------------------------------------------------------------------------------
---------------------------------------------------------------------------------
Start Applying 'set_property' XDC Constraints
---------------------------------------------------------------------------------
Applied set_property IO_BUFFER_TYPE = NONE for sys_clock. (constraint file  e:/vivado_prj/i2c_scanner_v2/i2c_scanner_v2.gen/sources_1/bd/i2c_scan_v2/ip/i2c_scan_v2_clk_wiz_1_0/i2c_scan_v2_clk_wiz_1_0/i2c_scan_v2_clk_wiz_1_0_in_context.xdc, line 3).
Applied set_property CLOCK_BUFFER_TYPE = NONE for sys_clock. (constraint file  e:/vivado_prj/i2c_scanner_v2/i2c_scanner_v2.gen/sources_1/bd/i2c_scan_v2/ip/i2c_scan_v2_clk_wiz_1_0/i2c_scan_v2_clk_wiz_1_0/i2c_scan_v2_clk_wiz_1_0_in_context.xdc, line 4).
Applied set_property IO_BUFFER_TYPE = NONE for SCL_0. (constraint file  e:/vivado_prj/i2c_scanner_v2/i2c_scanner_v2.gen/sources_1/bd/i2c_scan_v2/ip/i2c_scan_v2_i2c_scanner_0_0/i2c_scan_v2_i2c_scanner_0_0/i2c_scan_v2_i2c_scanner_0_0_in_context.xdc, line 1).
Applied set_property CLOCK_BUFFER_TYPE = NONE for SCL_0. (constraint file  e:/vivado_prj/i2c_scanner_v2/i2c_scanner_v2.gen/sources_1/bd/i2c_scan_v2/ip/i2c_scan_v2_i2c_scanner_0_0/i2c_scan_v2_i2c_scanner_0_0/i2c_scan_v2_i2c_scanner_0_0_in_context.xdc, line 2).
Applied set_property IO_BUFFER_TYPE = NONE for SDA_0. (constraint file  e:/vivado_prj/i2c_scanner_v2/i2c_scanner_v2.gen/sources_1/bd/i2c_scan_v2/ip/i2c_scan_v2_i2c_scanner_0_0/i2c_scan_v2_i2c_scanner_0_0/i2c_scan_v2_i2c_scanner_0_0_in_context.xdc, line 3).
Applied set_property CLOCK_BUFFER_TYPE = NONE for SDA_0. (constraint file  e:/vivado_prj/i2c_scanner_v2/i2c_scanner_v2.gen/sources_1/bd/i2c_scan_v2/ip/i2c_scan_v2_i2c_scanner_0_0/i2c_scan_v2_i2c_scanner_0_0/i2c_scan_v2_i2c_scanner_0_0_in_context.xdc, line 4).
Applied set_property KEEP_HIERARCHY = SOFT for i2c_scan_v2_i. (constraint file  auto generated constraint).
Applied set_property KEEP_HIERARCHY = SOFT for i2c_scan_v2_i/microblaze_0. (constraint file  auto generated constraint).
Applied set_property KEEP_HIERARCHY = SOFT for i2c_scan_v2_i/microblaze_0_local_memory/dlmb_v10. (constraint file  auto generated constraint).
Applied set_property KEEP_HIERARCHY = SOFT for i2c_scan_v2_i/microblaze_0_local_memory/ilmb_v10. (constraint file  auto generated constraint).
Applied set_property KEEP_HIERARCHY = SOFT for i2c_scan_v2_i/microblaze_0_local_memory/dlmb_bram_if_cntlr. (constraint file  auto generated constraint).
Applied set_property KEEP_HIERARCHY = SOFT for i2c_scan_v2_i/microblaze_0_local_memory/ilmb_bram_if_cntlr. (constraint file  auto generated constraint).
Applied set_property KEEP_HIERARCHY = SOFT for i2c_scan_v2_i/microblaze_0_local_memory/lmb_bram. (constraint file  auto generated constraint).
Applied set_property KEEP_HIERARCHY = SOFT for i2c_scan_v2_i/mdm_1. (constraint file  auto generated constraint).
Applied set_property KEEP_HIERARCHY = SOFT for i2c_scan_v2_i/clk_wiz_1. (constraint file  auto generated constraint).
Applied set_property KEEP_HIERARCHY = SOFT for i2c_scan_v2_i/rst_clk_wiz_1_100M. (constraint file  auto generated constraint).
Applied set_property KEEP_HIERARCHY = SOFT for i2c_scan_v2_i/microblaze_0_axi_periph/xbar. (constraint file  auto generated constraint).
Applied set_property KEEP_HIERARCHY = SOFT for i2c_scan_v2_i/microblaze_0_axi_periph. (constraint file  auto generated constraint).
Applied set_property KEEP_HIERARCHY = SOFT for i2c_scan_v2_i/axi_uartlite_0. (constraint file  auto generated constraint).
Applied set_property KEEP_HIERARCHY = SOFT for i2c_scan_v2_i/i2c_scanner_0. (constraint file  auto generated constraint).
---------------------------------------------------------------------------------
Finished applying 'set_property' XDC Constraints : Time (s): cpu = 00:00:09 ; elapsed = 00:00:09 . Memory (MB): peak = 1292.602 ; gain = 148.375
---------------------------------------------------------------------------------
---------------------------------------------------------------------------------
Finished RTL Optimization Phase 2 : Time (s): cpu = 00:00:09 ; elapsed = 00:00:09 . Memory (MB): peak = 1292.602 ; gain = 148.375
---------------------------------------------------------------------------------
---------------------------------------------------------------------------------
Start RTL Component Statistics 
---------------------------------------------------------------------------------
Detailed RTL Component Info : 
---------------------------------------------------------------------------------
Finished RTL Component Statistics 
---------------------------------------------------------------------------------
---------------------------------------------------------------------------------
Start Part Resource Summary
---------------------------------------------------------------------------------
Part Resources:
DSPs: 90 (col length:60)
BRAMs: 100 (col length: RAMB18 60 RAMB36 30)
---------------------------------------------------------------------------------
Finished Part Resource Summary
---------------------------------------------------------------------------------
---------------------------------------------------------------------------------
Start Cross Boundary and Area Optimization
---------------------------------------------------------------------------------
---------------------------------------------------------------------------------
Finished Cross Boundary and Area Optimization : Time (s): cpu = 00:00:09 ; elapsed = 00:00:10 . Memory (MB): peak = 1292.602 ; gain = 148.375
---------------------------------------------------------------------------------
---------------------------------------------------------------------------------
Start Applying XDC Timing Constraints
---------------------------------------------------------------------------------
---------------------------------------------------------------------------------
Finished Applying XDC Timing Constraints : Time (s): cpu = 00:00:14 ; elapsed = 00:00:15 . Memory (MB): peak = 1336.855 ; gain = 192.629
---------------------------------------------------------------------------------
---------------------------------------------------------------------------------
Start Timing Optimization
---------------------------------------------------------------------------------
---------------------------------------------------------------------------------
Finished Timing Optimization : Time (s): cpu = 00:00:14 ; elapsed = 00:00:15 . Memory (MB): peak = 1337.078 ; gain = 192.852
---------------------------------------------------------------------------------
---------------------------------------------------------------------------------
Start Technology Mapping
---------------------------------------------------------------------------------
---------------------------------------------------------------------------------
Finished Technology Mapping : Time (s): cpu = 00:00:14 ; elapsed = 00:00:15 . Memory (MB): peak = 1356.145 ; gain = 211.918
---------------------------------------------------------------------------------
---------------------------------------------------------------------------------
Start IO Insertion
---------------------------------------------------------------------------------
---------------------------------------------------------------------------------
Start Flattening Before IO Insertion
---------------------------------------------------------------------------------
---------------------------------------------------------------------------------
Finished Flattening Before IO Insertion
---------------------------------------------------------------------------------
---------------------------------------------------------------------------------
Start Final Netlist Cleanup
---------------------------------------------------------------------------------
---------------------------------------------------------------------------------
Finished Final Netlist Cleanup
---------------------------------------------------------------------------------
---------------------------------------------------------------------------------
Finished IO Insertion : Time (s): cpu = 00:00:16 ; elapsed = 00:00:17 . Memory (MB): peak = 1361.969 ; gain = 217.742
---------------------------------------------------------------------------------
---------------------------------------------------------------------------------
Start Renaming Generated Instances
---------------------------------------------------------------------------------
---------------------------------------------------------------------------------
Finished Renaming Generated Instances : Time (s): cpu = 00:00:16 ; elapsed = 00:00:17 . Memory (MB): peak = 1361.969 ; gain = 217.742
---------------------------------------------------------------------------------
---------------------------------------------------------------------------------
Start Rebuilding User Hierarchy
---------------------------------------------------------------------------------
---------------------------------------------------------------------------------
Finished Rebuilding User Hierarchy : Time (s): cpu = 00:00:16 ; elapsed = 00:00:17 . Memory (MB): peak = 1361.969 ; gain = 217.742
---------------------------------------------------------------------------------
---------------------------------------------------------------------------------
Start Renaming Generated Ports
---------------------------------------------------------------------------------
---------------------------------------------------------------------------------
Finished Renaming Generated Ports : Time (s): cpu = 00:00:16 ; elapsed = 00:00:17 . Memory (MB): peak = 1361.969 ; gain = 217.742
---------------------------------------------------------------------------------
---------------------------------------------------------------------------------
Start Handling Custom Attributes
---------------------------------------------------------------------------------
---------------------------------------------------------------------------------
Finished Handling Custom Attributes : Time (s): cpu = 00:00:16 ; elapsed = 00:00:17 . Memory (MB): peak = 1361.969 ; gain = 217.742
---------------------------------------------------------------------------------
---------------------------------------------------------------------------------
Start Renaming Generated Nets
---------------------------------------------------------------------------------
---------------------------------------------------------------------------------
Finished Renaming Generated Nets : Time (s): cpu = 00:00:16 ; elapsed = 00:00:17 . Memory (MB): peak = 1361.969 ; gain = 217.742
---------------------------------------------------------------------------------
---------------------------------------------------------------------------------
Start Writing Synthesis Report
---------------------------------------------------------------------------------

Report BlackBoxes: 
+------+---------------------------------+----------+
|      |BlackBox name                    |Instances |
+------+---------------------------------+----------+
|1     |i2c_scan_v2_xbar_0               |         1|
|2     |i2c_scan_v2_axi_uartlite_0_0     |         1|
|3     |i2c_scan_v2_clk_wiz_1_0          |         1|
|4     |i2c_scan_v2_i2c_scanner_0_0      |         1|
|5     |i2c_scan_v2_mdm_1_0              |         1|
|6     |i2c_scan_v2_microblaze_0_0       |         1|
|7     |i2c_scan_v2_rst_clk_wiz_1_100M_0 |         1|
|8     |i2c_scan_v2_dlmb_bram_if_cntlr_0 |         1|
|9     |i2c_scan_v2_dlmb_v10_0           |         1|
|10    |i2c_scan_v2_ilmb_bram_if_cntlr_0 |         1|
|11    |i2c_scan_v2_ilmb_v10_0           |         1|
|12    |i2c_scan_v2_lmb_bram_0           |         1|
+------+---------------------------------+----------+

Report Cell Usage: 
+------+-------------------------------+------+
|      |Cell                           |Count |
+------+-------------------------------+------+
|1     |i2c_scan_v2_axi_uartlite_0     |     1|
|2     |i2c_scan_v2_clk_wiz_1          |     1|
|3     |i2c_scan_v2_dlmb_bram_if_cntlr |     1|
|4     |i2c_scan_v2_dlmb_v10           |     1|
|5     |i2c_scan_v2_i2c_scanner_0      |     1|
|6     |i2c_scan_v2_ilmb_bram_if_cntlr |     1|
|7     |i2c_scan_v2_ilmb_v10           |     1|
|8     |i2c_scan_v2_lmb_bram           |     1|
|9     |i2c_scan_v2_mdm_1              |     1|
|10    |i2c_scan_v2_microblaze_0       |     1|
|11    |i2c_scan_v2_rst_clk_wiz_1_100M |     1|
|12    |i2c_scan_v2_xbar               |     1|
|13    |IBUF                           |     2|
|14    |OBUF                           |     1|
+------+-------------------------------+------+
---------------------------------------------------------------------------------
Finished Writing Synthesis Report : Time (s): cpu = 00:00:16 ; elapsed = 00:00:17 . Memory (MB): peak = 1361.969 ; gain = 217.742
---------------------------------------------------------------------------------
Synthesis finished with 0 errors, 0 critical warnings and 0 warnings.
Synthesis Optimization Runtime : Time (s): cpu = 00:00:10 ; elapsed = 00:00:16 . Memory (MB): peak = 1361.969 ; gain = 186.305
Synthesis Optimization Complete : Time (s): cpu = 00:00:16 ; elapsed = 00:00:17 . Memory (MB): peak = 1361.969 ; gain = 217.742
INFO: [Project 1-571] Translating synthesized netlist
Netlist sorting complete. Time (s): cpu = 00:00:00 ; elapsed = 00:00:00.009 . Memory (MB): peak = 1374.027 ; gain = 0.000
INFO: [Project 1-570] Preparing netlist for logic optimization
INFO: [Opt 31-138] Pushed 0 inverter(s) to 0 load pin(s).
Netlist sorting complete. Time (s): cpu = 00:00:00 ; elapsed = 00:00:00 . Memory (MB): peak = 1374.961 ; gain = 0.000
INFO: [Project 1-111] Unisim Transformation Summary:
No Unisim elements were transformed.

INFO: [Common 17-83] Releasing license: Synthesis
54 Infos, 17 Warnings, 0 Critical Warnings and 0 Errors encountered.
synth_design completed successfully
synth_design: Time (s): cpu = 00:00:20 ; elapsed = 00:00:22 . Memory (MB): peak = 1374.961 ; gain = 230.734
INFO: [Common 17-1381] The checkpoint 'E:/vivado_prj/i2c_scanner_v2/i2c_scanner_v2.runs/synth_1/i2c_scan_v2_wrapper.dcp' has been generated.
INFO: [runtcl-4] Executing : report_utilization -file i2c_scan_v2_wrapper_utilization_synth.rpt -pb i2c_scan_v2_wrapper_utilization_synth.pb
INFO: [Common 17-206] Exiting Vivado at Sat Jan 10 05:48:19 2026...
