Copyright 1986-2020 Xilinx, Inc. All Rights Reserved.
-------------------------------------------------------------------------------------------------------------------------------------------------------------------------------
| Tool Version     : Vivado v.2020.2 (win64) Build 3064766 Wed Nov 18 09:12:45 MST 2020
| Date             : Sat Jan 10 05:49:36 2026
| Host             : DESKTOP-C8BHJOE running 64-bit major release  (build 9200)
| Command          : report_power -file i2c_scan_v2_wrapper_power_routed.rpt -pb i2c_scan_v2_wrapper_power_summary_routed.pb -rpx i2c_scan_v2_wrapper_power_routed.rpx
| Design           : i2c_scan_v2_wrapper
| Device           : xc7a35ticsg324-1L
| Design State     : routed
| Grade            : industrial
| Process          : typical
| Characterization : Production
-------------------------------------------------------------------------------------------------------------------------------------------------------------------------------

Power Report

Table of Contents
-----------------
1. Summary
1.1 On-Chip Components
1.2 Power Supply Summary
1.3 Confidence Level
2. Settings
2.1 Environment
2.2 Clock Constraints
3. Detailed Reports
3.1 By Hierarchy

1. Summary
----------

+--------------------------+--------------+
| Total On-Chip Power (W)  | 0.193        |
| Design Power Budget (W)  | Unspecified* |
| Power Budget Margin (W)  | NA           |
| Dynamic (W)              | 0.130        |
| Device Static (W)        | 0.063        |
| Effective TJA (C/W)      | 4.8          |
| Max Ambient (C)          | 99.1         |
| Junction Temperature (C) | 25.9         |
| Confidence Level         | Low          |
| Setting File             | ---          |
| Simulation Activity File | ---          |
| Design Nets Matched      | NA           |
+--------------------------+--------------+
* Specify Design Power Budget using, set_operating_conditions -design_power_budget <value in Watts>


1.1 On-Chip Components
----------------------

+--------------------------+-----------+----------+-----------+-----------------+
| On-Chip                  | Power (W) | Used     | Available | Utilization (%) |
+--------------------------+-----------+----------+-----------+-----------------+
| Clocks                   |     0.008 |        7 |       --- |             --- |
| Slice Logic              |     0.003 |     4051 |       --- |             --- |
|   LUT as Logic           |     0.002 |     1346 |     20800 |            6.47 |
|   LUT as Distributed RAM |    <0.001 |       64 |      9600 |            0.67 |
|   CARRY4                 |    <0.001 |       44 |      8150 |            0.54 |
|   Register               |    <0.001 |     1487 |     41600 |            3.57 |
|   F7/F8 Muxes            |    <0.001 |      109 |     32600 |            0.33 |
|   LUT as Shift Register  |    <0.001 |       74 |      9600 |            0.77 |
|   Others                 |    <0.001 |      518 |       --- |             --- |
| Signals                  |     0.006 |     2766 |       --- |             --- |
| Block RAM                |     0.007 |       32 |        50 |           64.00 |
| MMCM                     |     0.106 |        1 |         5 |           20.00 |
| I/O                      |    <0.001 |        6 |       210 |            2.86 |
| Static Power             |     0.063 |          |           |                 |
| Total                    |     0.193 |          |           |                 |
+--------------------------+-----------+----------+-----------+-----------------+


1.2 Power Supply Summary
------------------------

+-----------+-------------+-----------+-------------+------------+-------------+-------------+------------+
| Source    | Voltage (V) | Total (A) | Dynamic (A) | Static (A) | Powerup (A) | Budget (A)  | Margin (A) |
+-----------+-------------+-----------+-------------+------------+-------------+-------------+------------+
| Vccint    |       0.950 |     0.032 |       0.025 |      0.006 |       NA    | Unspecified | NA         |
| Vccaux    |       1.800 |     0.070 |       0.059 |      0.011 |       NA    | Unspecified | NA         |
| Vcco33    |       3.300 |     0.001 |       0.000 |      0.001 |       NA    | Unspecified | NA         |
| Vcco25    |       2.500 |     0.000 |       0.000 |      0.000 |       NA    | Unspecified | NA         |
| Vcco18    |       1.800 |     0.000 |       0.000 |      0.000 |       NA    | Unspecified | NA         |
| Vcco15    |       1.500 |     0.000 |       0.000 |      0.000 |       NA    | Unspecified | NA         |
| Vcco135   |       1.350 |     0.000 |       0.000 |      0.000 |       NA    | Unspecified | NA         |
| Vcco12    |       1.200 |     0.000 |       0.000 |      0.000 |       NA    | Unspecified | NA         |
| Vccaux_io |       1.800 |     0.000 |       0.000 |      0.000 |       NA    | Unspecified | NA         |
| Vccbram   |       0.950 |     0.001 |       0.001 |      0.000 |       NA    | Unspecified | NA         |
| MGTAVcc   |       1.000 |     0.000 |       0.000 |      0.000 |       NA    | Unspecified | NA         |
| MGTAVtt   |       1.200 |     0.000 |       0.000 |      0.000 |       NA    | Unspecified | NA         |
| Vccadc    |       1.800 |     0.018 |       0.000 |      0.018 |       NA    | Unspecified | NA         |
+-----------+-------------+-----------+-------------+------------+-------------+-------------+------------+


1.3 Confidence Level
--------------------

+-----------------------------+------------+--------------------------------------------------------+------------------------------------------------------------------------------------------------------------+
| User Input Data             | Confidence | Details                                                | Action                                                                                                     |
+-----------------------------+------------+--------------------------------------------------------+------------------------------------------------------------------------------------------------------------+
| Design implementation state | High       | Design is routed                                       |                                                                                                            |
| Clock nodes activity        | High       | User specified more than 95% of clocks                 |                                                                                                            |
| I/O nodes activity          | Low        | More than 75% of inputs are missing user specification | Provide missing input activity with simulation results or by editing the "By Resource Type -> I/Os" view   |
| Internal nodes activity     | Medium     | User specified less than 25% of internal nodes         | Provide missing internal nodes activity with simulation results or by editing the "By Resource Type" views |
| Device models               | High       | Device models are Production                           |                                                                                                            |
|                             |            |                                                        |                                                                                                            |
| Overall confidence level    | Low        |                                                        |                                                                                                            |
+-----------------------------+------------+--------------------------------------------------------+------------------------------------------------------------------------------------------------------------+


2. Settings
-----------

2.1 Environment
---------------

+-----------------------+--------------------------+
| Ambient Temp (C)      | 25.0                     |
| ThetaJA (C/W)         | 4.8                      |
| Airflow (LFM)         | 250                      |
| Heat Sink             | medium (Medium Profile)  |
| ThetaSA (C/W)         | 4.6                      |
| Board Selection       | medium (10"x10")         |
| # of Board Layers     | 12to15 (12 to 15 Layers) |
| Board Temperature (C) | 25.0                     |
+-----------------------+--------------------------+


2.2 Clock Constraints
---------------------

+---------------------------------------------------------------+---------------------------------------------------------------+-----------------+
| Clock                                                         | Domain                                                        | Constraint (ns) |
+---------------------------------------------------------------+---------------------------------------------------------------+-----------------+
| clk_out1_i2c_scan_v2_clk_wiz_1_0                              | i2c_scan_v2_i/clk_wiz_1/inst/clk_out1_i2c_scan_v2_clk_wiz_1_0 |            10.0 |
| clkfbout_i2c_scan_v2_clk_wiz_1_0                              | i2c_scan_v2_i/clk_wiz_1/inst/clkfbout_i2c_scan_v2_clk_wiz_1_0 |            10.0 |
| i2c_scan_v2_i/mdm_1/U0/Use_E2.BSCAN_I/Use_E2.BSCANE2_I/DRCK   | i2c_scan_v2_i/mdm_1/U0/Use_E2.BSCAN_I/DRCK                    |            33.3 |
| i2c_scan_v2_i/mdm_1/U0/Use_E2.BSCAN_I/Use_E2.BSCANE2_I/UPDATE | i2c_scan_v2_i/mdm_1/U0/Use_E2.BSCAN_I/Dbg_Update_0            |            33.3 |
| sys_clock                                                     | sys_clock                                                     |            10.0 |
+---------------------------------------------------------------+---------------------------------------------------------------+-----------------+


3. Detailed Reports
-------------------

3.1 By Hierarchy
----------------

+-------------------------------+-----------+
| Name                          | Power (W) |
+-------------------------------+-----------+
| i2c_scan_v2_wrapper           |     0.130 |
|   i2c_scan_v2_i               |     0.130 |
|     clk_wiz_1                 |     0.106 |
|       inst                    |     0.106 |
|     i2c_scanner_0             |     0.001 |
|       U0                      |     0.001 |
|     microblaze_0              |     0.013 |
|       U0                      |     0.013 |
|     microblaze_0_local_memory |     0.007 |
|       lmb_bram                |     0.007 |
+-------------------------------+-----------+


