Copyright 1986-2020 Xilinx, Inc. All Rights Reserved.
------------------------------------------------------------------------------------------------
| Tool Version : Vivado v.2020.2 (win64) Build 3064766 Wed Nov 18 09:12:45 MST 2020
| Date         : Sat Jan 10 05:49:11 2026
| Host         : DESKTOP-C8BHJOE running 64-bit major release  (build 9200)
| Command      : report_control_sets -verbose -file i2c_scan_v2_wrapper_control_sets_placed.rpt
| Design       : i2c_scan_v2_wrapper
| Device       : xc7a35ti
------------------------------------------------------------------------------------------------

Control Set Information

Table of Contents
-----------------
1. Summary
2. Histogram
3. Flip-Flop Distribution
4. Detailed Control Set Information

1. Summary
----------

+----------------------------------------------------------+-------+
|                          Status                          | Count |
+----------------------------------------------------------+-------+
| Total control sets                                       |    75 |
|    Minimum number of control sets                        |    75 |
|    Addition due to synthesis replication                 |     0 |
|    Addition due to physical synthesis replication        |     0 |
| Unused register locations in slices containing registers |   185 |
+----------------------------------------------------------+-------+
* Control sets can be merged at opt_design using control_set_merge or merge_equivalent_drivers
** Run report_qor_suggestions for automated merging and remapping suggestions


2. Histogram
------------

+--------------------+-------+
|       Fanout       | Count |
+--------------------+-------+
| Total control sets |    75 |
| >= 0 to < 4        |    10 |
| >= 4 to < 6        |     9 |
| >= 6 to < 8        |     8 |
| >= 8 to < 10       |    19 |
| >= 10 to < 12      |     3 |
| >= 12 to < 14      |     0 |
| >= 14 to < 16      |     0 |
| >= 16              |    26 |
+--------------------+-------+
* Control sets can be remapped at either synth_design or opt_design


3. Flip-Flop Distribution
-------------------------

+--------------+-----------------------+------------------------+-----------------+--------------+
| Clock Enable | Synchronous Set/Reset | Asynchronous Set/Reset | Total Registers | Total Slices |
+--------------+-----------------------+------------------------+-----------------+--------------+
| No           | No                    | No                     |             209 |           82 |
| No           | No                    | Yes                    |              60 |           18 |
| No           | Yes                   | No                     |             260 |          108 |
| Yes          | No                    | No                     |             209 |           53 |
| Yes          | No                    | Yes                    |              20 |           10 |
| Yes          | Yes                   | No                     |             729 |          222 |
+--------------+-----------------------+------------------------+-----------------+--------------+


4. Detailed Control Set Information
-----------------------------------

+---------------------------------------------------------------+---------------------------------------------------------------------------------------------------------------------------------------------------------------------------------------------------------------+---------------------------------------------------------------------------------------------------------------------------------------------------+------------------+----------------+--------------+
|                          Clock Signal                         |                                                                                                 Enable Signal                                                                                                 |                                                                  Set/Reset Signal                                                                 | Slice Load Count | Bel Load Count | Bels / Slice |
+---------------------------------------------------------------+---------------------------------------------------------------------------------------------------------------------------------------------------------------------------------------------------------------+---------------------------------------------------------------------------------------------------------------------------------------------------+------------------+----------------+--------------+
| ~i2c_scan_v2_i/mdm_1/U0/No_Dbg_Reg_Access.BUFG_DRCK/Dbg_Clk_0 | i2c_scan_v2_i/mdm_1/U0/MDM_Core_I1/JTAG_CONTROL_I/Use_BSCAN.FDC_I/CE                                                                                                                                          | i2c_scan_v2_i/mdm_1/U0/MDM_Core_I1/JTAG_CONTROL_I/Use_BSCAN.FDC_I/D                                                                               |                1 |              1 |         1.00 |
|  i2c_scan_v2_i/mdm_1/U0/Use_E2.BSCAN_I/Dbg_Update_0_BUFG      | i2c_scan_v2_i/microblaze_0/U0/MicroBlaze_Core_I/Performance.Core/Use_Debug_Logic.Master_Core.Debug_Perf/Control_Reg_En                                                                                        | i2c_scan_v2_i/microblaze_0/U0/MicroBlaze_Core_I/Performance.Core/Use_Debug_Logic.Master_Core.Debug_Perf/Serial_Dbg_Intf.force_stop_cmd_i_reg_0    |                1 |              1 |         1.00 |
|  i2c_scan_v2_i/clk_wiz_1/inst/clk_out1                        |                                                                                                                                                                                                               | i2c_scan_v2_i/microblaze_0/U0/MicroBlaze_Core_I/Performance.Core/Use_Debug_Logic.Master_Core.Debug_Perf/capture_1                                 |                1 |              1 |         1.00 |
|  i2c_scan_v2_i/mdm_1/U0/No_Dbg_Reg_Access.BUFG_DRCK/Dbg_Clk_0 | i2c_scan_v2_i/mdm_1/U0/Use_E2.BSCAN_I/Use_BSCAN.PORT_Selector_reg[0]                                                                                                                                          | i2c_scan_v2_i/mdm_1/U0/MDM_Core_I1/JTAG_CONTROL_I/Functional_Reset                                                                                |                1 |              1 |         1.00 |
|  i2c_scan_v2_i/mdm_1/U0/Use_E2.BSCAN_I/Dbg_Update_0_BUFG      | i2c_scan_v2_i/microblaze_0/U0/MicroBlaze_Core_I/Performance.Core/Use_Debug_Logic.Master_Core.Debug_Perf/Control_Reg_En                                                                                        | i2c_scan_v2_i/microblaze_0/U0/MicroBlaze_Core_I/Performance.Core/Use_Debug_Logic.Master_Core.Debug_Perf/Serial_Dbg_Intf.normal_stop_cmd_i_reg_n_0 |                1 |              1 |         1.00 |
|  i2c_scan_v2_i/mdm_1/U0/Use_E2.BSCAN_I/Dbg_Update_0_BUFG      | i2c_scan_v2_i/microblaze_0/U0/MicroBlaze_Core_I/Performance.Core/Use_Debug_Logic.Master_Core.Debug_Perf/Control_Reg_En                                                                                        | i2c_scan_v2_i/microblaze_0/U0/MicroBlaze_Core_I/Performance.Core/Use_Debug_Logic.Master_Core.Debug_Perf/Serial_Dbg_Intf.continue_from_brk_reg_n_0 |                1 |              1 |         1.00 |
|  i2c_scan_v2_i/mdm_1/U0/Use_E2.BSCAN_I/Dbg_Update_0_BUFG      | i2c_scan_v2_i/microblaze_0/U0/MicroBlaze_Core_I/Performance.Core/Use_Debug_Logic.Master_Core.Debug_Perf/Control_Reg_En                                                                                        | i2c_scan_v2_i/microblaze_0/U0/MicroBlaze_Core_I/Performance.Core/Use_Debug_Logic.Master_Core.Debug_Perf/start_single_step_reg_n_0                 |                1 |              1 |         1.00 |
| ~i2c_scan_v2_i/mdm_1/U0/Use_E2.BSCAN_I/Dbg_Update_0_BUFG      |                                                                                                                                                                                                               | i2c_scan_v2_i/mdm_1/U0/MDM_Core_I1/JTAG_CONTROL_I/sel_n                                                                                           |                1 |              1 |         1.00 |
|  i2c_scan_v2_i/mdm_1/U0/Use_E2.BSCAN_I/Dbg_Update_0_BUFG      | i2c_scan_v2_i/microblaze_0/U0/MicroBlaze_Core_I/Performance.Core/Use_Debug_Logic.Master_Core.Debug_Perf/Command_Reg_En                                                                                        | i2c_scan_v2_i/microblaze_0/U0/MicroBlaze_Core_I/Performance.Core/Use_Debug_Logic.Master_Core.Debug_Perf/command_reg_clear                         |                1 |              2 |         2.00 |
|  i2c_scan_v2_i/mdm_1/U0/Use_E2.BSCAN_I/Dbg_Update_0_BUFG      |                                                                                                                                                                                                               |                                                                                                                                                   |                3 |              3 |         1.00 |
|  i2c_scan_v2_i/mdm_1/U0/No_Dbg_Reg_Access.BUFG_DRCK/Dbg_Clk_0 | i2c_scan_v2_i/mdm_1/U0/MDM_Core_I1/TDI_Shifter0                                                                                                                                                               | i2c_scan_v2_i/mdm_1/U0/Use_E2.BSCAN_I/AR[0]                                                                                                       |                1 |              4 |         4.00 |
| ~i2c_scan_v2_i/mdm_1/U0/Use_E2.BSCAN_I/Dbg_Update_0_BUFG      |                                                                                                                                                                                                               | i2c_scan_v2_i/mdm_1/U0/Use_E2.BSCAN_I/AR[0]                                                                                                       |                1 |              4 |         4.00 |
|  i2c_scan_v2_i/clk_wiz_1/inst/clk_out1                        | i2c_scan_v2_i/axi_uartlite_0/U0/AXI_LITE_IPIF_I/I_SLAVE_ATTACHMENT/start2                                                                                                                                     | i2c_scan_v2_i/axi_uartlite_0/U0/AXI_LITE_IPIF_I/I_SLAVE_ATTACHMENT/I_DECODER/cs_ce_clr                                                            |                1 |              4 |         4.00 |
|  i2c_scan_v2_i/clk_wiz_1/inst/clk_out1                        | i2c_scan_v2_i/axi_uartlite_0/U0/UARTLITE_CORE_I/BAUD_RATE_I/en_16x_Baud                                                                                                                                       |                                                                                                                                                   |                1 |              4 |         4.00 |
|  i2c_scan_v2_i/mdm_1/U0/Use_E2.BSCAN_I/Dbg_Update_0_BUFG      | i2c_scan_v2_i/mdm_1/U0/MDM_Core_I1/MDM_SEL                                                                                                                                                                    | i2c_scan_v2_i/mdm_1/U0/Use_E2.BSCAN_I/AR[0]                                                                                                       |                1 |              4 |         4.00 |
|  i2c_scan_v2_i/mdm_1/U0/Use_E2.BSCAN_I/Dbg_Update_0_BUFG      | i2c_scan_v2_i/microblaze_0/U0/MicroBlaze_Core_I/Performance.Core/Use_Debug_Logic.Master_Core.Debug_Perf/Control_Reg_En                                                                                        |                                                                                                                                                   |                2 |              4 |         2.00 |
|  i2c_scan_v2_i/clk_wiz_1/inst/clk_out1                        |                                                                                                                                                                                                               | i2c_scan_v2_i/rst_clk_wiz_1_100M/U0/EXT_LPF/lpf_int                                                                                               |                4 |              5 |         1.25 |
|  i2c_scan_v2_i/clk_wiz_1/inst/clk_out1                        | i2c_scan_v2_i/i2c_scanner_0/U0/i2c_scanner_v1_1_S_AXI_inst/Inst_I2C_Core/FSM_onehot_current_state[4]_i_1_n_0                                                                                                  | i2c_scan_v2_i/i2c_scanner_0/U0/i2c_scanner_v1_1_S_AXI_inst/Inst_I2C_Core/SR[0]                                                                    |                2 |              5 |         2.50 |
|  i2c_scan_v2_i/clk_wiz_1/inst/clk_out1                        | i2c_scan_v2_i/microblaze_0/U0/MicroBlaze_Core_I/Performance.Core/Decode_I/wb_Halted                                                                                                                           | i2c_scan_v2_i/microblaze_0/U0/MicroBlaze_Core_I/sync_reset                                                                                        |                2 |              5 |         2.50 |
|  i2c_scan_v2_i/clk_wiz_1/inst/clk_out1                        |                                                                                                                                                                                                               | i2c_scan_v2_i/axi_uartlite_0/U0/UARTLITE_CORE_I/UARTLITE_RX_I/SRL_FIFO_I/I_SRL_FIFO_RBU_F/CNTR_INCR_DECR_ADDN_F_I/SS[0]                           |                2 |              6 |         3.00 |
|  i2c_scan_v2_i/clk_wiz_1/inst/clk_out1                        |                                                                                                                                                                                                               | i2c_scan_v2_i/axi_uartlite_0/U0/UARTLITE_CORE_I/UARTLITE_TX_I/SRL_FIFO_I/I_SRL_FIFO_RBU_F/CNTR_INCR_DECR_ADDN_F_I/SS[0]                           |                2 |              6 |         3.00 |
|  i2c_scan_v2_i/mdm_1/U0/No_Dbg_Reg_Access.BUFG_DRCK/Dbg_Clk_0 | i2c_scan_v2_i/mdm_1/U0/MDM_Core_I1/JTAG_CONTROL_I/Use_BSCAN.FDC_I/sample_1                                                                                                                                    |                                                                                                                                                   |                1 |              6 |         6.00 |
|  i2c_scan_v2_i/clk_wiz_1/inst/clk_out1                        | i2c_scan_v2_i/rst_clk_wiz_1_100M/U0/SEQ/seq_cnt_en                                                                                                                                                            | i2c_scan_v2_i/rst_clk_wiz_1_100M/U0/SEQ/SEQ_COUNTER/clear                                                                                         |                1 |              6 |         6.00 |
|  i2c_scan_v2_i/mdm_1/U0/No_Dbg_Reg_Access.BUFG_DRCK/Dbg_Clk_0 | i2c_scan_v2_i/mdm_1/U0/Use_E2.BSCAN_I/sel                                                                                                                                                                     |                                                                                                                                                   |                2 |              6 |         3.00 |
|  i2c_scan_v2_i/mdm_1/U0/No_Dbg_Reg_Access.BUFG_DRCK/Dbg_Clk_0 | i2c_scan_v2_i/mdm_1/U0/Use_E2.BSCAN_I/Use_BSCAN.command_reg[6]                                                                                                                                                |                                                                                                                                                   |                1 |              6 |         6.00 |
|  i2c_scan_v2_i/clk_wiz_1/inst/clk_out1                        | i2c_scan_v2_i/i2c_scanner_0/U0/i2c_scanner_v1_1_S_AXI_inst/Inst_I2C_Core/shift_reg0                                                                                                                           |                                                                                                                                                   |                2 |              7 |         3.50 |
|  i2c_scan_v2_i/clk_wiz_1/inst/clk_out1                        | i2c_scan_v2_i/axi_uartlite_0/U0/UARTLITE_CORE_I/BAUD_RATE_I/en_16x_Baud                                                                                                                                       | i2c_scan_v2_i/axi_uartlite_0/U0/UARTLITE_CORE_I/UARTLITE_RX_I/SERIAL_TO_PARALLEL[8].fifo_din[8]_i_1_n_0                                           |                2 |              7 |         3.50 |
|  i2c_scan_v2_i/clk_wiz_1/inst/clk_out1                        | i2c_scan_v2_i/axi_uartlite_0/U0/AXI_LITE_IPIF_I/I_SLAVE_ATTACHMENT/I_DECODER/fifo_wr                                                                                                                          |                                                                                                                                                   |                1 |              8 |         8.00 |
|  i2c_scan_v2_i/clk_wiz_1/inst/clk_out1                        | i2c_scan_v2_i/i2c_scanner_0/U0/i2c_scanner_v1_1_S_AXI_inst/slv_reg1[7]_i_1_n_0                                                                                                                                | i2c_scan_v2_i/i2c_scanner_0/U0/i2c_scanner_v1_1_S_AXI_inst/Inst_I2C_Core/SR[0]                                                                    |                2 |              8 |         4.00 |
|  i2c_scan_v2_i/clk_wiz_1/inst/clk_out1                        | i2c_scan_v2_i/i2c_scanner_0/U0/i2c_scanner_v1_1_S_AXI_inst/slv_reg1[15]_i_1_n_0                                                                                                                               | i2c_scan_v2_i/i2c_scanner_0/U0/i2c_scanner_v1_1_S_AXI_inst/Inst_I2C_Core/SR[0]                                                                    |                2 |              8 |         4.00 |
|  i2c_scan_v2_i/clk_wiz_1/inst/clk_out1                        | i2c_scan_v2_i/i2c_scanner_0/U0/i2c_scanner_v1_1_S_AXI_inst/slv_reg3[15]_i_1_n_0                                                                                                                               | i2c_scan_v2_i/i2c_scanner_0/U0/i2c_scanner_v1_1_S_AXI_inst/Inst_I2C_Core/SR[0]                                                                    |                1 |              8 |         8.00 |
|  i2c_scan_v2_i/clk_wiz_1/inst/clk_out1                        | i2c_scan_v2_i/i2c_scanner_0/U0/i2c_scanner_v1_1_S_AXI_inst/slv_reg3[23]_i_1_n_0                                                                                                                               | i2c_scan_v2_i/i2c_scanner_0/U0/i2c_scanner_v1_1_S_AXI_inst/Inst_I2C_Core/SR[0]                                                                    |                2 |              8 |         4.00 |
|  i2c_scan_v2_i/clk_wiz_1/inst/clk_out1                        | i2c_scan_v2_i/i2c_scanner_0/U0/i2c_scanner_v1_1_S_AXI_inst/slv_reg1[31]_i_1_n_0                                                                                                                               | i2c_scan_v2_i/i2c_scanner_0/U0/i2c_scanner_v1_1_S_AXI_inst/Inst_I2C_Core/SR[0]                                                                    |                2 |              8 |         4.00 |
|  i2c_scan_v2_i/clk_wiz_1/inst/clk_out1                        | i2c_scan_v2_i/i2c_scanner_0/U0/i2c_scanner_v1_1_S_AXI_inst/slv_reg3[7]_i_1_n_0                                                                                                                                | i2c_scan_v2_i/i2c_scanner_0/U0/i2c_scanner_v1_1_S_AXI_inst/Inst_I2C_Core/SR[0]                                                                    |                1 |              8 |         8.00 |
|  i2c_scan_v2_i/mdm_1/U0/No_Dbg_Reg_Access.BUFG_DRCK/Dbg_Clk_0 | i2c_scan_v2_i/mdm_1/U0/MDM_Core_I1/JTAG_CONTROL_I/tdi_shifter0                                                                                                                                                |                                                                                                                                                   |                2 |              8 |         4.00 |
|  i2c_scan_v2_i/mdm_1/U0/Use_E2.BSCAN_I/Dbg_Update_0_BUFG      | i2c_scan_v2_i/mdm_1/U0/MDM_Core_I1/JTAG_CONTROL_I/Use_BSCAN.FDC_I/command_10                                                                                                                                  |                                                                                                                                                   |                1 |              8 |         8.00 |
|  i2c_scan_v2_i/mdm_1/U0/No_Dbg_Reg_Access.BUFG_DRCK/Dbg_Clk_0 | i2c_scan_v2_i/microblaze_0/U0/MicroBlaze_Core_I/Performance.Core/Use_Debug_Logic.Master_Core.Debug_Perf/Using_PC_Breakpoints.All_PC_Brks[0].Serial_Interface_1.address_hit_I/Compare[0].SRLC16E_I/which_pc__0 |                                                                                                                                                   |                7 |              8 |         1.14 |
|  i2c_scan_v2_i/clk_wiz_1/inst/clk_out1                        | i2c_scan_v2_i/axi_uartlite_0/U0/UARTLITE_CORE_I/UARTLITE_RX_I/SRL_FIFO_I/I_SRL_FIFO_RBU_F/DYNSHREG_F_I/fifo_wr                                                                                                |                                                                                                                                                   |                1 |              8 |         8.00 |
| ~i2c_scan_v2_i/mdm_1/U0/Use_E2.BSCAN_I/Dbg_Update_0_BUFG      | i2c_scan_v2_i/mdm_1/U0/MDM_Core_I1/JTAG_CONTROL_I/Use_BSCAN.command[0]_i_1_n_0                                                                                                                                |                                                                                                                                                   |                2 |              8 |         4.00 |
|  i2c_scan_v2_i/clk_wiz_1/inst/clk_out1                        | i2c_scan_v2_i/axi_uartlite_0/U0/AXI_LITE_IPIF_I/I_SLAVE_ATTACHMENT/s_axi_rresp_i                                                                                                                              | i2c_scan_v2_i/axi_uartlite_0/U0/AXI_LITE_IPIF_I/I_SLAVE_ATTACHMENT/rst                                                                            |                3 |              8 |         2.67 |
|  i2c_scan_v2_i/clk_wiz_1/inst/clk_out1                        | i2c_scan_v2_i/i2c_scanner_0/U0/i2c_scanner_v1_1_S_AXI_inst/slv_reg2[23]_i_1_n_0                                                                                                                               | i2c_scan_v2_i/i2c_scanner_0/U0/i2c_scanner_v1_1_S_AXI_inst/Inst_I2C_Core/SR[0]                                                                    |                3 |              8 |         2.67 |
|  i2c_scan_v2_i/clk_wiz_1/inst/clk_out1                        | i2c_scan_v2_i/i2c_scanner_0/U0/i2c_scanner_v1_1_S_AXI_inst/slv_reg2[31]_i_1_n_0                                                                                                                               | i2c_scan_v2_i/i2c_scanner_0/U0/i2c_scanner_v1_1_S_AXI_inst/Inst_I2C_Core/SR[0]                                                                    |                2 |              8 |         4.00 |
|  i2c_scan_v2_i/clk_wiz_1/inst/clk_out1                        | i2c_scan_v2_i/i2c_scanner_0/U0/i2c_scanner_v1_1_S_AXI_inst/slv_reg2[15]_i_1_n_0                                                                                                                               | i2c_scan_v2_i/i2c_scanner_0/U0/i2c_scanner_v1_1_S_AXI_inst/Inst_I2C_Core/SR[0]                                                                    |                2 |              8 |         4.00 |
|  i2c_scan_v2_i/clk_wiz_1/inst/clk_out1                        | i2c_scan_v2_i/i2c_scanner_0/U0/i2c_scanner_v1_1_S_AXI_inst/slv_reg2[7]_i_1_n_0                                                                                                                                | i2c_scan_v2_i/i2c_scanner_0/U0/i2c_scanner_v1_1_S_AXI_inst/Inst_I2C_Core/SR[0]                                                                    |                1 |              8 |         8.00 |
|  i2c_scan_v2_i/clk_wiz_1/inst/clk_out1                        | i2c_scan_v2_i/i2c_scanner_0/U0/i2c_scanner_v1_1_S_AXI_inst/slv_reg3[31]_i_1_n_0                                                                                                                               | i2c_scan_v2_i/i2c_scanner_0/U0/i2c_scanner_v1_1_S_AXI_inst/Inst_I2C_Core/SR[0]                                                                    |                3 |              8 |         2.67 |
|  i2c_scan_v2_i/clk_wiz_1/inst/clk_out1                        | i2c_scan_v2_i/i2c_scanner_0/U0/i2c_scanner_v1_1_S_AXI_inst/slv_reg1[23]_i_1_n_0                                                                                                                               | i2c_scan_v2_i/i2c_scanner_0/U0/i2c_scanner_v1_1_S_AXI_inst/Inst_I2C_Core/SR[0]                                                                    |                2 |              8 |         4.00 |
|  i2c_scan_v2_i/clk_wiz_1/inst/clk_out1                        |                                                                                                                                                                                                               | i2c_scan_v2_i/axi_uartlite_0/U0/AXI_LITE_IPIF_I/I_SLAVE_ATTACHMENT/rst                                                                            |                4 |             10 |         2.50 |
|  i2c_scan_v2_i/mdm_1/U0/No_Dbg_Reg_Access.BUFG_DRCK/Dbg_Clk_0 | i2c_scan_v2_i/mdm_1/U0/MDM_Core_I1/JTAG_CONTROL_I/Use_BSCAN.FDC_I/Use_Serial_Unified_Completion.completion_block_reg                                                                                          |                                                                                                                                                   |                4 |             10 |         2.50 |
|  i2c_scan_v2_i/clk_wiz_1/inst/clk_out1                        |                                                                                                                                                                                                               | i2c_scan_v2_i/microblaze_0_axi_periph/xbar/inst/gen_sasd.crossbar_sasd_0/addr_arbiter_inst/SR[0]                                                  |                4 |             11 |         2.75 |
|  i2c_scan_v2_i/clk_wiz_1/inst/clk_out1                        | i2c_scan_v2_i/microblaze_0/U0/MicroBlaze_Core_I/Performance.Core/Decode_I/PreFetch_Buffer_I1/OF_Valid_DFF/E[0]                                                                                                | i2c_scan_v2_i/microblaze_0/U0/MicroBlaze_Core_I/sync_reset                                                                                        |                5 |             16 |         3.20 |
|  i2c_scan_v2_i/clk_wiz_1/inst/clk_out1                        | i2c_scan_v2_i/microblaze_0_axi_periph/xbar/inst/gen_sasd.crossbar_sasd_0/addr_arbiter_inst/p_0_in1_in                                                                                                         | i2c_scan_v2_i/microblaze_0_axi_periph/xbar/inst/gen_sasd.crossbar_sasd_0/addr_arbiter_inst/SR[0]                                                  |                3 |             18 |         6.00 |
|  i2c_scan_v2_i/clk_wiz_1/inst/clk_out1                        | i2c_scan_v2_i/microblaze_0/U0/MicroBlaze_Core_I/Performance.Core/Decode_I/mem_wait_on_ready_N_carry_or/MUXCY_I/lopt_1                                                                                         | i2c_scan_v2_i/microblaze_0/U0/MicroBlaze_Core_I/sync_reset                                                                                        |                6 |             20 |         3.33 |
|  i2c_scan_v2_i/mdm_1/U0/No_Dbg_Reg_Access.BUFG_DRCK/Dbg_Clk_0 |                                                                                                                                                                                                               | i2c_scan_v2_i/mdm_1/U0/Use_E2.BSCAN_I/Use_E2.BSCANE2_I_0                                                                                          |                4 |             23 |         5.75 |
|  i2c_scan_v2_i/clk_wiz_1/inst/clk_out1                        | i2c_scan_v2_i/axi_uartlite_0/U0/UARTLITE_CORE_I/BAUD_RATE_I/en_16x_Baud                                                                                                                                       | i2c_scan_v2_i/axi_uartlite_0/U0/UARTLITE_CORE_I/UARTLITE_RX_I/s_axi_aresetn_0                                                                     |                6 |             28 |         4.67 |
|  i2c_scan_v2_i/clk_wiz_1/inst/clk_out1                        |                                                                                                                                                                                                               | i2c_scan_v2_i/axi_uartlite_0/U0/UARTLITE_CORE_I/UARTLITE_RX_I/s_axi_aresetn_0                                                                     |               10 |             30 |         3.00 |
|  i2c_scan_v2_i/clk_wiz_1/inst/clk_out1                        | i2c_scan_v2_i/microblaze_0/U0/MicroBlaze_Core_I/Performance.Core/Decode_I/Use_MuxCy[3].OF_Piperun_Stage/MUXCY_I/Using_FPGA.Native_0                                                                           | i2c_scan_v2_i/microblaze_0/U0/MicroBlaze_Core_I/Performance.Core/Decode_I/R                                                                       |               11 |             32 |         2.91 |
|  i2c_scan_v2_i/clk_wiz_1/inst/clk_out1                        | i2c_scan_v2_i/microblaze_0/U0/MicroBlaze_Core_I/Performance.Core/Decode_I/Use_MuxCy[3].OF_Piperun_Stage/MUXCY_I/E[0]                                                                                          | i2c_scan_v2_i/microblaze_0/U0/MicroBlaze_Core_I/sync_reset                                                                                        |                7 |             32 |         4.57 |
|  i2c_scan_v2_i/clk_wiz_1/inst/clk_out1                        | i2c_scan_v2_i/microblaze_0_axi_periph/xbar/inst/gen_sasd.crossbar_sasd_0/addr_arbiter_inst/s_axi_rvalid[0]                                                                                                    | i2c_scan_v2_i/microblaze_0/U0/MicroBlaze_Core_I/sync_reset                                                                                        |               11 |             32 |         2.91 |
|  i2c_scan_v2_i/clk_wiz_1/inst/clk_out1                        | i2c_scan_v2_i/microblaze_0/U0/MicroBlaze_Core_I/Performance.Core/Decode_I/mem_wait_on_ready_N_carry_or/MUXCY_I/lopt_1                                                                                         |                                                                                                                                                   |                7 |             32 |         4.57 |
|  i2c_scan_v2_i/clk_wiz_1/inst/clk_out1                        | i2c_scan_v2_i/microblaze_0/U0/MicroBlaze_Core_I/Performance.Core/Decode_I/mem_wait_on_ready_N_carry_or/MUXCY_I/lopt_1                                                                                         | i2c_scan_v2_i/microblaze_0/U0/MicroBlaze_Core_I/Performance.Core/Decode_I/SR[0]                                                                   |                9 |             32 |         3.56 |
|  i2c_scan_v2_i/clk_wiz_1/inst/clk_out1                        | i2c_scan_v2_i/microblaze_0/U0/MicroBlaze_Core_I/Performance.Core/Use_Debug_Logic.Master_Core.Debug_Perf/data_rd_reg[0]_i_1_n_0                                                                                | i2c_scan_v2_i/microblaze_0/U0/MicroBlaze_Core_I/sync_reset                                                                                        |               11 |             32 |         2.91 |
|  i2c_scan_v2_i/clk_wiz_1/inst/clk_out1                        | i2c_scan_v2_i/i2c_scanner_0/U0/i2c_scanner_v1_1_S_AXI_inst/slv_reg_rden                                                                                                                                       | i2c_scan_v2_i/i2c_scanner_0/U0/i2c_scanner_v1_1_S_AXI_inst/Inst_I2C_Core/SR[0]                                                                    |               12 |             32 |         2.67 |
|  i2c_scan_v2_i/mdm_1/U0/No_Dbg_Reg_Access.BUFG_DRCK/Dbg_Clk_0 | i2c_scan_v2_i/microblaze_0/U0/MicroBlaze_Core_I/Performance.Core/Use_Debug_Logic.Master_Core.Debug_Perf/New_Dbg_Instr_TCK                                                                                     |                                                                                                                                                   |               10 |             32 |         3.20 |
|  i2c_scan_v2_i/clk_wiz_1/inst/clk_out1                        | i2c_scan_v2_i/microblaze_0/U0/MicroBlaze_Core_I/Performance.Core/Decode_I/PreFetch_Buffer_I1/Gen_Mux_Select_LUT6[1].Gen_Sel_DFF/if_fetch_in_progress_reg[0]                                                   | i2c_scan_v2_i/microblaze_0/U0/MicroBlaze_Core_I/sync_reset                                                                                        |                7 |             32 |         4.57 |
|  i2c_scan_v2_i/clk_wiz_1/inst/clk_out1                        |                                                                                                                                                                                                               | i2c_scan_v2_i/microblaze_0/U0/MicroBlaze_Core_I/Performance.Core/wb_dlmb_valid_read_data0                                                         |               13 |             32 |         2.46 |
|  i2c_scan_v2_i/clk_wiz_1/inst/clk_out1                        | i2c_scan_v2_i/microblaze_0_axi_periph/xbar/inst/gen_sasd.crossbar_sasd_0/addr_arbiter_inst/E[0]                                                                                                               |                                                                                                                                                   |                5 |             33 |         6.60 |
|  i2c_scan_v2_i/clk_wiz_1/inst/clk_out1                        |                                                                                                                                                                                                               | i2c_scan_v2_i/i2c_scanner_0/U0/i2c_scanner_v1_1_S_AXI_inst/Inst_I2C_Core/SR[0]                                                                    |               14 |             41 |         2.93 |
|  i2c_scan_v2_i/mdm_1/U0/No_Dbg_Reg_Access.BUFG_DRCK/Dbg_Clk_0 | i2c_scan_v2_i/mdm_1/U0/Use_E2.BSCAN_I/Use_BSCAN.PORT_Selector_reg[0]                                                                                                                                          |                                                                                                                                                   |               13 |             47 |         3.62 |
|  i2c_scan_v2_i/clk_wiz_1/inst/clk_out1                        | i2c_scan_v2_i/microblaze_0/U0/MicroBlaze_Core_I/Performance.Core/Decode_I/PreFetch_Buffer_I1/Instruction_Prefetch_Mux[42].Instr_Mux_MUXF7/IReady_0                                                            |                                                                                                                                                   |               10 |             75 |         7.50 |
|  i2c_scan_v2_i/clk_wiz_1/inst/clk_out1                        | i2c_scan_v2_i/microblaze_0/U0/MicroBlaze_Core_I/Performance.Core/Decode_I/Use_MuxCy[3].OF_Piperun_Stage/MUXCY_I/Using_FPGA.Native_0                                                                           | i2c_scan_v2_i/microblaze_0/U0/MicroBlaze_Core_I/sync_reset                                                                                        |               27 |             78 |         2.89 |
|  i2c_scan_v2_i/mdm_1/U0/No_Dbg_Reg_Access.BUFG_DRCK/Dbg_Clk_0 |                                                                                                                                                                                                               |                                                                                                                                                   |               35 |             80 |         2.29 |
|  i2c_scan_v2_i/clk_wiz_1/inst/clk_out1                        | i2c_scan_v2_i/microblaze_0/U0/MicroBlaze_Core_I/Performance.Core/Decode_I/WB_GPR_Wr                                                                                                                           |                                                                                                                                                   |               16 |            128 |         8.00 |
|  i2c_scan_v2_i/clk_wiz_1/inst/clk_out1                        |                                                                                                                                                                                                               |                                                                                                                                                   |               48 |            143 |         2.98 |
|  i2c_scan_v2_i/clk_wiz_1/inst/clk_out1                        |                                                                                                                                                                                                               | i2c_scan_v2_i/microblaze_0/U0/MicroBlaze_Core_I/sync_reset                                                                                        |               66 |            150 |         2.27 |
|  i2c_scan_v2_i/clk_wiz_1/inst/clk_out1                        | i2c_scan_v2_i/microblaze_0/U0/MicroBlaze_Core_I/Performance.Core/Decode_I/Use_MuxCy[11].OF_Piperun_Stage/MUXCY_I/Using_FPGA.Native_0                                                                          | i2c_scan_v2_i/microblaze_0/U0/MicroBlaze_Core_I/sync_reset                                                                                        |               74 |            218 |         2.95 |
+---------------------------------------------------------------+---------------------------------------------------------------------------------------------------------------------------------------------------------------------------------------------------------------+---------------------------------------------------------------------------------------------------------------------------------------------------+------------------+----------------+--------------+


