Copyright 1986-2020 Xilinx, Inc. All Rights Reserved.
------------------------------------------------------------------------------------
| Tool Version : Vivado v.2020.2 (win64) Build 3064766 Wed Nov 18 09:12:45 MST 2020
| Date         : Sat Jan 10 05:41:08 2026
| Host         : DESKTOP-C8BHJOE running 64-bit major release  (build 9200)
| Command      : upgrade_ip
| Device       : xc7a35ticsg324-1L
------------------------------------------------------------------------------------

Upgrade Log for IP 'i2c_scan_v2_i2c_scanner_0_0'

1. Summary
----------

SUCCESS in the upgrade of i2c_scan_v2_i2c_scanner_0_0 (xilinx.com:user:i2c_scanner:1.1) from (Rev. 3) to (Rev. 4)






Copyright 1986-2020 Xilinx, Inc. All Rights Reserved.
------------------------------------------------------------------------------------
| Tool Version : Vivado v.2020.2 (win64) Build 3064766 Wed Nov 18 09:12:45 MST 2020
| Date         : Sat Jan 10 05:41:06 2026
| Host         : DESKTOP-C8BHJOE running 64-bit major release  (build 9200)
| Command      : upgrade_ip
| Device       : xc7a35ticsg324-1L
------------------------------------------------------------------------------------

Upgrade Log for IP 'design_1_i2c_scanner_0_0'

1. Summary
----------

SUCCESS in the upgrade of design_1_i2c_scanner_0_0 (xilinx.com:user:i2c_scanner:1.1) from (Rev. 3) to (Rev. 4)






Copyright 1986-2020 Xilinx, Inc. All Rights Reserved.
------------------------------------------------------------------------------------
| Tool Version : Vivado v.2020.2 (win64) Build 3064766 Wed Nov 18 09:12:45 MST 2020
| Date         : Tue Jan  6 09:54:34 2026
| Host         : DESKTOP-C8BHJOE running 64-bit major release  (build 9200)
| Command      : upgrade_ip
| Device       : xc7a35ticsg324-1L
------------------------------------------------------------------------------------

Upgrade Log for IP 'i2c_scan_v2_i2c_scanner_0_0'

1. Summary
----------

SUCCESS in the upgrade of i2c_scan_v2_i2c_scanner_0_0 (xilinx.com:user:i2c_scanner:1.1) from (Rev. 2) to (Rev. 3)






Copyright 1986-2020 Xilinx, Inc. All Rights Reserved.
------------------------------------------------------------------------------------
| Tool Version : Vivado v.2020.2 (win64) Build 3064766 Wed Nov 18 09:12:45 MST 2020
| Date         : Tue Jan  6 09:54:32 2026
| Host         : DESKTOP-C8BHJOE running 64-bit major release  (build 9200)
| Command      : upgrade_ip
| Device       : xc7a35ticsg324-1L
------------------------------------------------------------------------------------

Upgrade Log for IP 'design_1_i2c_scanner_0_0'

1. Summary
----------

SUCCESS in the upgrade of design_1_i2c_scanner_0_0 (xilinx.com:user:i2c_scanner:1.1) from (Rev. 2) to (Rev. 3)

